<?xml version="1.0" encoding="UTF-8"?>
<!-- Generated by org.testng.reporters.JUnitXMLReporter -->
<testsuite hostname="vanadnamishra" ignored="0" name="Default test" tests="3" failures="0" timestamp="30 Oct 2020 13:25:26 GMT" time="143.26" errors="0">
  <testcase name="validatereferalentry" time="26.207" classname="samcostar.samcostar.ReferalCentreTest"/>
  <testcase name="validatereferalentry" time="26.785" classname="samcostar.samcostar.ReferalCentreTest"/>
  <testcase name="validatereferalentry" time="38.488" classname="samcostar.samcostar.ReferalCentreTest"/>
</testsuite> <!-- Default test -->
