<?xml version="1.0" encoding="UTF-8"?>
<!-- Generated by org.testng.reporters.JUnitXMLReporter -->
<testsuite hostname="vanadnamishra" ignored="0" name="SamcoStar test" tests="6" failures="0" timestamp="08 Oct 2020 08:48:04 GMT" time="119.965" errors="0">
  <testcase name="verifyHomePageTitleTest" time="0.066" classname="samcostar.samcostar.HomePageTest"/>
  <testcase name="verifyUserNameTest" time="0.161" classname="samcostar.samcostar.HomePageTest"/>
  <testcase name="clickOnMyProfileTest" time="12.163" classname="samcostar.samcostar.HomePageTest"/>
  <testcase name="clickOnAccountSettingsTest" time="7.528" classname="samcostar.samcostar.HomePageTest"/>
  <testcase name="clickOnLogoutTest" time="6.733" classname="samcostar.samcostar.HomePageTest"/>
  <testcase name="BrokenLinksTest" time="23.444" classname="samcostar.samcostar.HomePageTest"/>
</testsuite> <!-- SamcoStar test -->
